
*** Running vivado
    with args -log data_mem.vds -m64 -product Vivado -mode batch -messageDb vivado.pb -notrace -source data_mem.tcl



****** Vivado v2021.2 (64-bit)
  **** SW Build 3367213 on Tue Oct 19 02:48:09 MDT 2021
  **** IP Build 3369179 on Thu Oct 21 08:25:16 MDT 2021
    ** Copyright 1986-2021 Xilinx, Inc. All Rights Reserved.

source data_mem.tcl -notrace
Command: synth_design -top data_mem -part xc7a100tcsg324-1 -mode out_of_context
Starting synth_design
Attempting to get a license for feature 'Synthesis' and/or device 'xc7a100t'
INFO: [Common 17-349] Got license for feature 'Synthesis' and/or device 'xc7a100t'
INFO: [Device 21-403] Loading part xc7a100tcsg324-1
INFO: [Synth 8-7079] Multithreading enabled for synth_design using a maximum of 2 processes.
INFO: [Synth 8-7078] Launching helper process for spawning children vivado processes
INFO: [Synth 8-7075] Helper process launched with PID 13328
---------------------------------------------------------------------------------
Starting RTL Elaboration : Time (s): cpu = 00:00:04 ; elapsed = 00:00:04 . Memory (MB): peak = 1250.277 ; gain = 0.000
---------------------------------------------------------------------------------
INFO: [Synth 8-638] synthesizing module 'data_mem' [c:/Users/dilafet/lab5/lab5.gen/sources_1/ip/data_mem/synth/data_mem.vhd:71]
	Parameter C_FAMILY bound to: artix7 - type: string 
	Parameter C_ADDR_WIDTH bound to: 8 - type: integer 
	Parameter C_DEFAULT_DATA bound to: 0 - type: string 
	Parameter C_DEPTH bound to: 256 - type: integer 
	Parameter C_HAS_CLK bound to: 1 - type: integer 
	Parameter C_HAS_D bound to: 1 - type: integer 
	Parameter C_HAS_DPO bound to: 1 - type: integer 
	Parameter C_HAS_DPRA bound to: 1 - type: integer 
	Parameter C_HAS_I_CE bound to: 0 - type: integer 
	Parameter C_HAS_QDPO bound to: 0 - type: integer 
	Parameter C_HAS_QDPO_CE bound to: 0 - type: integer 
	Parameter C_HAS_QDPO_CLK bound to: 0 - type: integer 
	Parameter C_HAS_QDPO_RST bound to: 0 - type: integer 
	Parameter C_HAS_QDPO_SRST bound to: 0 - type: integer 
	Parameter C_HAS_QSPO bound to: 0 - type: integer 
	Parameter C_HAS_QSPO_CE bound to: 0 - type: integer 
	Parameter C_HAS_QSPO_RST bound to: 0 - type: integer 
	Parameter C_HAS_QSPO_SRST bound to: 0 - type: integer 
	Parameter C_HAS_SPO bound to: 1 - type: integer 
	Parameter C_HAS_WE bound to: 1 - type: integer 
	Parameter C_MEM_INIT_FILE bound to: data_mem.mif - type: string 
	Parameter C_ELABORATION_DIR bound to: ./ - type: string 
	Parameter C_MEM_TYPE bound to: 2 - type: integer 
	Parameter C_PIPELINE_STAGES bound to: 0 - type: integer 
	Parameter C_QCE_JOINED bound to: 0 - type: integer 
	Parameter C_QUALIFY_WE bound to: 0 - type: integer 
	Parameter C_READ_MIF bound to: 1 - type: integer 
	Parameter C_REG_A_D_INPUTS bound to: 0 - type: integer 
	Parameter C_REG_DPRA_INPUT bound to: 0 - type: integer 
	Parameter C_SYNC_ENABLE bound to: 1 - type: integer 
	Parameter C_WIDTH bound to: 32 - type: integer 
	Parameter C_PARSER_TYPE bound to: 1 - type: integer 
INFO: [Synth 8-3491] module 'dist_mem_gen_v8_0_13' declared at 'c:/Users/dilafet/lab5/lab5.gen/sources_1/ip/data_mem/hdl/dist_mem_gen_v8_0_vhsyn_rfs.vhd:3237' bound to instance 'U0' of component 'dist_mem_gen_v8_0_13' [c:/Users/dilafet/lab5/lab5.gen/sources_1/ip/data_mem/synth/data_mem.vhd:137]
INFO: [Synth 8-256] done synthesizing module 'data_mem' (4#1) [c:/Users/dilafet/lab5/lab5.gen/sources_1/ip/data_mem/synth/data_mem.vhd:71]
WARNING: [Synth 8-7129] Port qspo[31] in module dpram is either unconnected or has no load
WARNING: [Synth 8-7129] Port qspo[30] in module dpram is either unconnected or has no load
WARNING: [Synth 8-7129] Port qspo[29] in module dpram is either unconnected or has no load
WARNING: [Synth 8-7129] Port qspo[28] in module dpram is either unconnected or has no load
WARNING: [Synth 8-7129] Port qspo[27] in module dpram is either unconnected or has no load
WARNING: [Synth 8-7129] Port qspo[26] in module dpram is either unconnected or has no load
WARNING: [Synth 8-7129] Port qspo[25] in module dpram is either unconnected or has no load
WARNING: [Synth 8-7129] Port qspo[24] in module dpram is either unconnected or has no load
WARNING: [Synth 8-7129] Port qspo[23] in module dpram is either unconnected or has no load
WARNING: [Synth 8-7129] Port qspo[22] in module dpram is either unconnected or has no load
WARNING: [Synth 8-7129] Port qspo[21] in module dpram is either unconnected or has no load
WARNING: [Synth 8-7129] Port qspo[20] in module dpram is either unconnected or has no load
WARNING: [Synth 8-7129] Port qspo[19] in module dpram is either unconnected or has no load
WARNING: [Synth 8-7129] Port qspo[18] in module dpram is either unconnected or has no load
WARNING: [Synth 8-7129] Port qspo[17] in module dpram is either unconnected or has no load
WARNING: [Synth 8-7129] Port qspo[16] in module dpram is either unconnected or has no load
WARNING: [Synth 8-7129] Port qspo[15] in module dpram is either unconnected or has no load
WARNING: [Synth 8-7129] Port qspo[14] in module dpram is either unconnected or has no load
WARNING: [Synth 8-7129] Port qspo[13] in module dpram is either unconnected or has no load
WARNING: [Synth 8-7129] Port qspo[12] in module dpram is either unconnected or has no load
WARNING: [Synth 8-7129] Port qspo[11] in module dpram is either unconnected or has no load
WARNING: [Synth 8-7129] Port qspo[10] in module dpram is either unconnected or has no load
WARNING: [Synth 8-7129] Port qspo[9] in module dpram is either unconnected or has no load
WARNING: [Synth 8-7129] Port qspo[8] in module dpram is either unconnected or has no load
WARNING: [Synth 8-7129] Port qspo[7] in module dpram is either unconnected or has no load
WARNING: [Synth 8-7129] Port qspo[6] in module dpram is either unconnected or has no load
WARNING: [Synth 8-7129] Port qspo[5] in module dpram is either unconnected or has no load
WARNING: [Synth 8-7129] Port qspo[4] in module dpram is either unconnected or has no load
WARNING: [Synth 8-7129] Port qspo[3] in module dpram is either unconnected or has no load
WARNING: [Synth 8-7129] Port qspo[2] in module dpram is either unconnected or has no load
WARNING: [Synth 8-7129] Port qspo[1] in module dpram is either unconnected or has no load
WARNING: [Synth 8-7129] Port qspo[0] in module dpram is either unconnected or has no load
WARNING: [Synth 8-7129] Port qdpo[31] in module dpram is either unconnected or has no load
WARNING: [Synth 8-7129] Port qdpo[30] in module dpram is either unconnected or has no load
WARNING: [Synth 8-7129] Port qdpo[29] in module dpram is either unconnected or has no load
WARNING: [Synth 8-7129] Port qdpo[28] in module dpram is either unconnected or has no load
WARNING: [Synth 8-7129] Port qdpo[27] in module dpram is either unconnected or has no load
WARNING: [Synth 8-7129] Port qdpo[26] in module dpram is either unconnected or has no load
WARNING: [Synth 8-7129] Port qdpo[25] in module dpram is either unconnected or has no load
WARNING: [Synth 8-7129] Port qdpo[24] in module dpram is either unconnected or has no load
WARNING: [Synth 8-7129] Port qdpo[23] in module dpram is either unconnected or has no load
WARNING: [Synth 8-7129] Port qdpo[22] in module dpram is either unconnected or has no load
WARNING: [Synth 8-7129] Port qdpo[21] in module dpram is either unconnected or has no load
WARNING: [Synth 8-7129] Port qdpo[20] in module dpram is either unconnected or has no load
WARNING: [Synth 8-7129] Port qdpo[19] in module dpram is either unconnected or has no load
WARNING: [Synth 8-7129] Port qdpo[18] in module dpram is either unconnected or has no load
WARNING: [Synth 8-7129] Port qdpo[17] in module dpram is either unconnected or has no load
WARNING: [Synth 8-7129] Port qdpo[16] in module dpram is either unconnected or has no load
WARNING: [Synth 8-7129] Port qdpo[15] in module dpram is either unconnected or has no load
WARNING: [Synth 8-7129] Port qdpo[14] in module dpram is either unconnected or has no load
WARNING: [Synth 8-7129] Port qdpo[13] in module dpram is either unconnected or has no load
WARNING: [Synth 8-7129] Port qdpo[12] in module dpram is either unconnected or has no load
WARNING: [Synth 8-7129] Port qdpo[11] in module dpram is either unconnected or has no load
WARNING: [Synth 8-7129] Port qdpo[10] in module dpram is either unconnected or has no load
WARNING: [Synth 8-7129] Port qdpo[9] in module dpram is either unconnected or has no load
WARNING: [Synth 8-7129] Port qdpo[8] in module dpram is either unconnected or has no load
WARNING: [Synth 8-7129] Port qdpo[7] in module dpram is either unconnected or has no load
WARNING: [Synth 8-7129] Port qdpo[6] in module dpram is either unconnected or has no load
WARNING: [Synth 8-7129] Port qdpo[5] in module dpram is either unconnected or has no load
WARNING: [Synth 8-7129] Port qdpo[4] in module dpram is either unconnected or has no load
WARNING: [Synth 8-7129] Port qdpo[3] in module dpram is either unconnected or has no load
WARNING: [Synth 8-7129] Port qdpo[2] in module dpram is either unconnected or has no load
WARNING: [Synth 8-7129] Port qdpo[1] in module dpram is either unconnected or has no load
WARNING: [Synth 8-7129] Port qdpo[0] in module dpram is either unconnected or has no load
WARNING: [Synth 8-7129] Port i_ce in module dpram is either unconnected or has no load
WARNING: [Synth 8-7129] Port qspo_ce in module dpram is either unconnected or has no load
WARNING: [Synth 8-7129] Port qspo_rst in module dpram is either unconnected or has no load
WARNING: [Synth 8-7129] Port qspo_srst in module dpram is either unconnected or has no load
WARNING: [Synth 8-7129] Port qdpo_clk in module dpram is either unconnected or has no load
WARNING: [Synth 8-7129] Port qdpo_ce in module dpram is either unconnected or has no load
WARNING: [Synth 8-7129] Port qdpo_rst in module dpram is either unconnected or has no load
WARNING: [Synth 8-7129] Port qdpo_srst in module dpram is either unconnected or has no load
WARNING: [Synth 8-7129] Port i_ce in module dist_mem_gen_v8_0_13 is either unconnected or has no load
WARNING: [Synth 8-7129] Port qspo_ce in module dist_mem_gen_v8_0_13 is either unconnected or has no load
WARNING: [Synth 8-7129] Port qdpo_ce in module dist_mem_gen_v8_0_13 is either unconnected or has no load
WARNING: [Synth 8-7129] Port qdpo_clk in module dist_mem_gen_v8_0_13 is either unconnected or has no load
WARNING: [Synth 8-7129] Port qspo_rst in module dist_mem_gen_v8_0_13 is either unconnected or has no load
WARNING: [Synth 8-7129] Port qdpo_rst in module dist_mem_gen_v8_0_13 is either unconnected or has no load
WARNING: [Synth 8-7129] Port qspo_srst in module dist_mem_gen_v8_0_13 is either unconnected or has no load
WARNING: [Synth 8-7129] Port qdpo_srst in module dist_mem_gen_v8_0_13 is either unconnected or has no load
---------------------------------------------------------------------------------
Finished RTL Elaboration : Time (s): cpu = 00:00:05 ; elapsed = 00:00:05 . Memory (MB): peak = 1250.277 ; gain = 0.000
---------------------------------------------------------------------------------
---------------------------------------------------------------------------------
Start Handling Custom Attributes
---------------------------------------------------------------------------------
---------------------------------------------------------------------------------
Finished Handling Custom Attributes : Time (s): cpu = 00:00:06 ; elapsed = 00:00:06 . Memory (MB): peak = 1250.277 ; gain = 0.000
---------------------------------------------------------------------------------
---------------------------------------------------------------------------------
Finished RTL Optimization Phase 1 : Time (s): cpu = 00:00:06 ; elapsed = 00:00:06 . Memory (MB): peak = 1250.277 ; gain = 0.000
---------------------------------------------------------------------------------
Netlist sorting complete. Time (s): cpu = 00:00:00 ; elapsed = 00:00:00.005 . Memory (MB): peak = 1250.277 ; gain = 0.000
INFO: [Project 1-570] Preparing netlist for logic optimization

Processing XDC Constraints
Initializing timing engine
Parsing XDC File [c:/Users/dilafet/lab5/lab5.gen/sources_1/ip/data_mem/data_mem_ooc.xdc] for cell 'U0'
Finished Parsing XDC File [c:/Users/dilafet/lab5/lab5.gen/sources_1/ip/data_mem/data_mem_ooc.xdc] for cell 'U0'
Parsing XDC File [C:/Users/dilafet/lab5/lab5.runs/data_mem_synth_1/dont_touch.xdc]
Finished Parsing XDC File [C:/Users/dilafet/lab5/lab5.runs/data_mem_synth_1/dont_touch.xdc]
Completed Processing XDC Constraints

Netlist sorting complete. Time (s): cpu = 00:00:00 ; elapsed = 00:00:00.001 . Memory (MB): peak = 1250.277 ; gain = 0.000
INFO: [Project 1-111] Unisim Transformation Summary:
No Unisim elements were transformed.

Constraint Validation Runtime : Time (s): cpu = 00:00:00 ; elapsed = 00:00:00.013 . Memory (MB): peak = 1250.277 ; gain = 0.000

*** Running vivado
    with args -log data_mem.vds -m64 -product Vivado -mode batch -messageDb vivado.pb -notrace -source data_mem.tcl



****** Vivado v2021.2 (64-bit)
  **** SW Build 3367213 on Tue Oct 19 02:48:09 MDT 2021
  **** IP Build 3369179 on Thu Oct 21 08:25:16 MDT 2021
    ** Copyright 1986-2021 Xilinx, Inc. All Rights Reserved.

source data_mem.tcl -notrace
INFO: [IP_Flow 19-4838] Using cached IP synthesis design for IP data_mem, cache-ID = 8ab44449c859eecb.
INFO: [Common 17-206] Exiting Vivado at Tue May 10 19:35:44 2022...
