Copyright 1986-2021 Xilinx, Inc. All Rights Reserved.
------------------------------------------------------------------------------------
| Tool Version : Vivado v.2021.2 (win64) Build 3367213 Tue Oct 19 02:48:09 MDT 2021
| Date         : Tue May 10 19:37:31 2022
| Host         : dilafet running 64-bit major release  (build 9200)
| Command      : report_control_sets -verbose -file top_control_sets_placed.rpt
| Design       : top
| Device       : xc7a100t
------------------------------------------------------------------------------------

Control Set Information

Table of Contents
-----------------
1. Summary
2. Histogram
3. Flip-Flop Distribution
4. Detailed Control Set Information

1. Summary
----------

+----------------------------------------------------------+-------+
|                          Status                          | Count |
+----------------------------------------------------------+-------+
| Total control sets                                       |    43 |
|    Minimum number of control sets                        |    43 |
|    Addition due to synthesis replication                 |     0 |
|    Addition due to physical synthesis replication        |     0 |
| Unused register locations in slices containing registers |    26 |
+----------------------------------------------------------+-------+
* Control sets can be merged at opt_design using control_set_merge or merge_equivalent_drivers
** Run report_qor_suggestions for automated merging and remapping suggestions


2. Histogram
------------

+--------------------+-------+
|       Fanout       | Count |
+--------------------+-------+
| Total control sets |    43 |
| >= 0 to < 4        |     1 |
| >= 4 to < 6        |     1 |
| >= 6 to < 8        |     0 |
| >= 8 to < 10       |     0 |
| >= 10 to < 12      |     1 |
| >= 12 to < 14      |     1 |
| >= 14 to < 16      |     0 |
| >= 16              |    39 |
+--------------------+-------+
* Control sets can be remapped at either synth_design or opt_design


3. Flip-Flop Distribution
-------------------------

+--------------+-----------------------+------------------------+-----------------+--------------+
| Clock Enable | Synchronous Set/Reset | Asynchronous Set/Reset | Total Registers | Total Slices |
+--------------+-----------------------+------------------------+-----------------+--------------+
| No           | No                    | No                     |              12 |            6 |
| No           | No                    | Yes                    |             379 |          146 |
| No           | Yes                   | No                     |               0 |            0 |
| Yes          | No                    | No                     |               0 |            0 |
| Yes          | No                    | Yes                    |            1207 |          676 |
| Yes          | Yes                   | No                     |               0 |            0 |
+--------------+-----------------------+------------------------+-----------------+--------------+


4. Detailed Control Set Information
-----------------------------------

+----------------+--------------------------------------------------------------------------------------------------------------+------------------+------------------+----------------+--------------+
|  Clock Signal  |                                                 Enable Signal                                                | Set/Reset Signal | Slice Load Count | Bel Load Count | Bels / Slice |
+----------------+--------------------------------------------------------------------------------------------------------------+------------------+------------------+----------------+--------------+
|  clk_IBUF_BUFG | cpu/ready_r0_out                                                                                             | rst_IBUF         |                1 |              1 |         1.00 |
|  clk_IBUF_BUFG | cpu/E[0]                                                                                                     | rst_IBUF         |                2 |              5 |         2.50 |
|  clk_IBUF_BUFG | pdu/cnt_m_rf[4]_i_1_n_0                                                                                      | rst_IBUF         |                4 |             10 |         2.50 |
|  clk_IBUF_BUFG |                                                                                                              |                  |                6 |             12 |         2.00 |
|  clk_IBUF_BUFG |                                                                                                              | rst_IBUF         |               11 |             28 |         2.55 |
|  cpu_clk_BUFG  | cpu/register_file/registers[12][31]_i_1_n_0                                                                  | rst_IBUF         |               20 |             32 |         1.60 |
|  cpu_clk_BUFG  | cpu/register_file/registers[10][31]_i_1_n_0                                                                  | rst_IBUF         |               20 |             32 |         1.60 |
|  cpu_clk_BUFG  | cpu/register_file/registers[11][31]_i_1_n_0                                                                  | rst_IBUF         |               20 |             32 |         1.60 |
|  cpu_clk_BUFG  | cpu/register_file/registers[13][31]_i_1_n_0                                                                  | rst_IBUF         |               14 |             32 |         2.29 |
|  cpu_clk_BUFG  | cpu/register_file/registers[14][31]_i_1_n_0                                                                  | rst_IBUF         |               22 |             32 |         1.45 |
|  cpu_clk_BUFG  | cpu/register_file/registers[17][31]_i_1_n_0                                                                  | rst_IBUF         |               10 |             32 |         3.20 |
|  cpu_clk_BUFG  | cpu/register_file/registers[18][31]_i_1_n_0                                                                  | rst_IBUF         |               14 |             32 |         2.29 |
|  cpu_clk_BUFG  | cpu/register_file/registers[1][31]_i_1_n_0                                                                   | rst_IBUF         |               20 |             32 |         1.60 |
|  cpu_clk_BUFG  | cpu/register_file/registers[21][31]_i_1_n_0                                                                  | rst_IBUF         |               18 |             32 |         1.78 |
|  cpu_clk_BUFG  | cpu/register_file/registers[16][31]_i_1_n_0                                                                  | rst_IBUF         |               19 |             32 |         1.68 |
|  cpu_clk_BUFG  | cpu/register_file/registers[22][31]_i_1_n_0                                                                  | rst_IBUF         |               15 |             32 |         2.13 |
|  cpu_clk_BUFG  | cpu/register_file/registers[15][31]_i_1_n_0                                                                  | rst_IBUF         |               22 |             32 |         1.45 |
|  cpu_clk_BUFG  | cpu/register_file/registers[20][31]_i_1_n_0                                                                  | rst_IBUF         |               12 |             32 |         2.67 |
|  cpu_clk_BUFG  | cpu/register_file/registers[23][31]_i_1_n_0                                                                  | rst_IBUF         |               21 |             32 |         1.52 |
|  cpu_clk_BUFG  | cpu/register_file/registers[9][31]_i_1_n_0                                                                   | rst_IBUF         |               19 |             32 |         1.68 |
|  cpu_clk_BUFG  | cpu/register_file/registers[25][31]_i_1_n_0                                                                  | rst_IBUF         |               18 |             32 |         1.78 |
|  cpu_clk_BUFG  | cpu/register_file/registers[19][31]_i_1_n_0                                                                  | rst_IBUF         |               20 |             32 |         1.60 |
|  cpu_clk_BUFG  | cpu/register_file/registers[7][31]_i_1_n_0                                                                   | rst_IBUF         |               26 |             32 |         1.23 |
|  cpu_clk_BUFG  | cpu/register_file/registers[4][31]_i_1_n_0                                                                   | rst_IBUF         |               19 |             32 |         1.68 |
|  cpu_clk_BUFG  | cpu/register_file/registers[28][31]_i_1_n_0                                                                  | rst_IBUF         |               15 |             32 |         2.13 |
|  cpu_clk_BUFG  | cpu/register_file/registers[2][31]_i_1_n_0                                                                   | rst_IBUF         |               18 |             32 |         1.78 |
|  cpu_clk_BUFG  | cpu/register_file/registers[29][31]_i_1_n_0                                                                  | rst_IBUF         |               21 |             32 |         1.52 |
|  cpu_clk_BUFG  | cpu/register_file/registers[26][31]_i_1_n_0                                                                  | rst_IBUF         |               11 |             32 |         2.91 |
|  cpu_clk_BUFG  | cpu/register_file/registers[24][31]_i_1_n_0                                                                  | rst_IBUF         |               12 |             32 |         2.67 |
|  cpu_clk_BUFG  | cpu/register_file/registers[27][31]_i_1_n_0                                                                  | rst_IBUF         |               17 |             32 |         1.88 |
|  cpu_clk_BUFG  | cpu/register_file/registers[3][31]_i_1_n_0                                                                   | rst_IBUF         |               27 |             32 |         1.19 |
|  cpu_clk_BUFG  | cpu/register_file/registers[5][31]_i_1_n_0                                                                   | rst_IBUF         |               22 |             32 |         1.45 |
|  cpu_clk_BUFG  | cpu/register_file/registers[31][31]_i_1_n_0                                                                  | rst_IBUF         |               25 |             32 |         1.28 |
|  cpu_clk_BUFG  | cpu/register_file/registers[8][31]_i_1_n_0                                                                   | rst_IBUF         |               18 |             32 |         1.78 |
|  cpu_clk_BUFG  | cpu/EX_MEM_data_mem_data[31]_i_1_n_0                                                                         | rst_IBUF         |               17 |             32 |         1.88 |
|  cpu_clk_BUFG  | cpu/PC/en0                                                                                                   | rst_IBUF         |               18 |             32 |         1.78 |
|  cpu_clk_BUFG  | cpu/register_file/registers[30][31]_i_1_n_0                                                                  | rst_IBUF         |               21 |             32 |         1.52 |
|  clk_IBUF_BUFG | cpu/EX_MEM_alu_result_reg[3]_0[0]                                                                            | rst_IBUF         |               24 |             32 |         1.33 |
|  cpu_clk_BUFG  | cpu/register_file/registers[6][31]_i_1_n_0                                                                   | rst_IBUF         |               19 |             32 |         1.68 |
|  cpu_clk_BUFG  | cpu/register_file/IF_ID_instruction_reg[2]                                                                   | rst_IBUF         |               35 |            103 |         2.94 |
|  cpu_clk_BUFG  | cpu/data_io_memory/data_mem/U0/synth_options.dist_mem_inst/gen_dp_ram.dpram_inst/ram_reg_128_255_0_0_i_1_n_0 |                  |               32 |            128 |         4.00 |
|  cpu_clk_BUFG  | cpu/data_io_memory/data_mem/U0/synth_options.dist_mem_inst/gen_dp_ram.dpram_inst/ram_reg_0_127_0_0_i_1_n_0   |                  |               32 |            128 |         4.00 |
|  cpu_clk_BUFG  |                                                                                                              | rst_IBUF         |              135 |            351 |         2.60 |
+----------------+--------------------------------------------------------------------------------------------------------------+------------------+------------------+----------------+--------------+


