
*** Running vivado
    with args -log top.vds -m64 -product Vivado -mode batch -messageDb vivado.pb -notrace -source top.tcl



****** Vivado v2021.2 (64-bit)
  **** SW Build 3367213 on Tue Oct 19 02:48:09 MDT 2021
  **** IP Build 3369179 on Thu Oct 21 08:25:16 MDT 2021
    ** Copyright 1986-2021 Xilinx, Inc. All Rights Reserved.

source top.tcl -notrace
Command: read_checkpoint -auto_incremental -incremental C:/Users/dilafet/lab5/lab5.srcs/utils_1/imports/synth_1/top.dcp
INFO: [Vivado 12-5825] Read reference checkpoint from C:/Users/dilafet/lab5/lab5.srcs/utils_1/imports/synth_1/top.dcp for incremental synthesis
INFO: [Vivado 12-7989] Please ensure there are no constraint changes
Command: synth_design -top top -part xc7a100tcsg324-1
Starting synth_design
Attempting to get a license for feature 'Synthesis' and/or device 'xc7a100t'
INFO: [Common 17-349] Got license for feature 'Synthesis' and/or device 'xc7a100t'
INFO: [Device 21-403] Loading part xc7a100tcsg324-1
WARNING: [Designutils 20-4072] Reference run did not run incremental synthesis because the design is too small; reverting to default synthesis
INFO: [Designutils 20-4379] Flow is switching to default flow due to incremental criteria not met. If you would like to alter this behaviour and have the flow terminate instead, please set the following parameter config_implementation {autoIncr.Synth.RejectBehavior Terminate}
INFO: [Synth 8-7079] Multithreading enabled for synth_design using a maximum of 2 processes.
INFO: [Synth 8-7078] Launching helper process for spawning children vivado processes
INFO: [Synth 8-7075] Helper process launched with PID 1760
---------------------------------------------------------------------------------
Starting RTL Elaboration : Time (s): cpu = 00:00:04 ; elapsed = 00:00:04 . Memory (MB): peak = 1251.238 ; gain = 0.000
---------------------------------------------------------------------------------
INFO: [Synth 8-6157] synthesizing module 'top' [C:/Users/dilafet/lab5/lab5.srcs/sources_1/new/top.v:4]
INFO: [Synth 8-6157] synthesizing module 'cpu' [C:/Users/dilafet/lab5/lab5.srcs/sources_1/new/lab5.v:376]
INFO: [Synth 8-6157] synthesizing module 'PC' [C:/Users/dilafet/lab5/lab5.srcs/sources_1/new/lab5.v:105]
INFO: [Synth 8-6155] done synthesizing module 'PC' (1#1) [C:/Users/dilafet/lab5/lab5.srcs/sources_1/new/lab5.v:105]
INFO: [Synth 8-6157] synthesizing module 'instruction_mem' [C:/Users/dilafet/lab5/lab5.runs/synth_1/.Xil/Vivado-3464-dilafet/realtime/instruction_mem_stub.v:6]
INFO: [Synth 8-6155] done synthesizing module 'instruction_mem' (2#1) [C:/Users/dilafet/lab5/lab5.runs/synth_1/.Xil/Vivado-3464-dilafet/realtime/instruction_mem_stub.v:6]
INFO: [Synth 8-6157] synthesizing module 'register_file' [C:/Users/dilafet/lab5/lab5.srcs/sources_1/new/lab5.v:3]
INFO: [Synth 8-6155] done synthesizing module 'register_file' (3#1) [C:/Users/dilafet/lab5/lab5.srcs/sources_1/new/lab5.v:3]
INFO: [Synth 8-6157] synthesizing module 'imme' [C:/Users/dilafet/lab5/lab5.srcs/sources_1/new/lab5.v:87]
INFO: [Synth 8-6155] done synthesizing module 'imme' (4#1) [C:/Users/dilafet/lab5/lab5.srcs/sources_1/new/lab5.v:87]
INFO: [Synth 8-6157] synthesizing module 'branch' [C:/Users/dilafet/lab5/lab5.srcs/sources_1/new/lab5.v:313]
INFO: [Synth 8-226] default block is never used [C:/Users/dilafet/lab5/lab5.srcs/sources_1/new/lab5.v:323]
INFO: [Synth 8-6155] done synthesizing module 'branch' (5#1) [C:/Users/dilafet/lab5/lab5.srcs/sources_1/new/lab5.v:313]
INFO: [Synth 8-6157] synthesizing module 'decode' [C:/Users/dilafet/lab5/lab5.srcs/sources_1/new/lab5.v:119]
INFO: [Synth 8-6155] done synthesizing module 'decode' (6#1) [C:/Users/dilafet/lab5/lab5.srcs/sources_1/new/lab5.v:119]
INFO: [Synth 8-6157] synthesizing module 'hazerd_detection' [C:/Users/dilafet/lab5/lab5.srcs/sources_1/new/lab5.v:232]
INFO: [Synth 8-6155] done synthesizing module 'hazerd_detection' (7#1) [C:/Users/dilafet/lab5/lab5.srcs/sources_1/new/lab5.v:232]
INFO: [Synth 8-6157] synthesizing module 'alu' [C:/Users/dilafet/lab5/lab5.srcs/sources_1/new/lab5.v:63]
INFO: [Synth 8-6155] done synthesizing module 'alu' (8#1) [C:/Users/dilafet/lab5/lab5.srcs/sources_1/new/lab5.v:63]
INFO: [Synth 8-6157] synthesizing module 'data_io_memory' [C:/Users/dilafet/lab5/lab5.srcs/sources_1/new/lab5.v:333]
INFO: [Synth 8-6157] synthesizing module 'data_mem' [C:/Users/dilafet/lab5/lab5.runs/synth_1/.Xil/Vivado-3464-dilafet/realtime/data_mem_stub.v:6]
INFO: [Synth 8-6155] done synthesizing module 'data_mem' (9#1) [C:/Users/dilafet/lab5/lab5.runs/synth_1/.Xil/Vivado-3464-dilafet/realtime/data_mem_stub.v:6]
INFO: [Synth 8-6155] done synthesizing module 'data_io_memory' (10#1) [C:/Users/dilafet/lab5/lab5.srcs/sources_1/new/lab5.v:333]
INFO: [Synth 8-6155] done synthesizing module 'cpu' (11#1) [C:/Users/dilafet/lab5/lab5.srcs/sources_1/new/lab5.v:376]
INFO: [Synth 8-6157] synthesizing module 'pdu' [C:/Users/dilafet/lab5/lab5.srcs/sources_1/new/pdu.v:3]
INFO: [Synth 8-226] default block is never used [C:/Users/dilafet/lab5/lab5.srcs/sources_1/new/pdu.v:258]
WARNING: [Synth 8-3936] Found unconnected internal register 'in_2r_reg' and it is trimmed from '5' to '2' bits. [C:/Users/dilafet/lab5/lab5.srcs/sources_1/new/pdu.v:77]
INFO: [Synth 8-6155] done synthesizing module 'pdu' (12#1) [C:/Users/dilafet/lab5/lab5.srcs/sources_1/new/pdu.v:3]
INFO: [Synth 8-6155] done synthesizing module 'top' (13#1) [C:/Users/dilafet/lab5/lab5.srcs/sources_1/new/top.v:4]
---------------------------------------------------------------------------------
Finished RTL Elaboration : Time (s): cpu = 00:00:05 ; elapsed = 00:00:05 . Memory (MB): peak = 1251.238 ; gain = 0.000
---------------------------------------------------------------------------------
---------------------------------------------------------------------------------
Start Handling Custom Attributes
---------------------------------------------------------------------------------
---------------------------------------------------------------------------------
Finished Handling Custom Attributes : Time (s): cpu = 00:00:06 ; elapsed = 00:00:06 . Memory (MB): peak = 1251.238 ; gain = 0.000
---------------------------------------------------------------------------------
---------------------------------------------------------------------------------
Finished RTL Optimization Phase 1 : Time (s): cpu = 00:00:06 ; elapsed = 00:00:06 . Memory (MB): peak = 1251.238 ; gain = 0.000
---------------------------------------------------------------------------------
Netlist sorting complete. Time (s): cpu = 00:00:00 ; elapsed = 00:00:00.036 . Memory (MB): peak = 1251.238 ; gain = 0.000
INFO: [Project 1-570] Preparing netlist for logic optimization

Processing XDC Constraints
Initializing timing engine
Parsing XDC File [c:/Users/dilafet/lab5/lab5.gen/sources_1/ip/data_mem/data_mem/data_mem_in_context.xdc] for cell 'cpu/data_io_memory/data_mem'
Finished Parsing XDC File [c:/Users/dilafet/lab5/lab5.gen/sources_1/ip/data_mem/data_mem/data_mem_in_context.xdc] for cell 'cpu/data_io_memory/data_mem'
Parsing XDC File [c:/Users/dilafet/lab5/lab5.gen/sources_1/ip/instruction_mem/instruction_mem/instruction_mem_in_context.xdc] for cell 'cpu/instruction_mem'
Finished Parsing XDC File [c:/Users/dilafet/lab5/lab5.gen/sources_1/ip/instruction_mem/instruction_mem/instruction_mem_in_context.xdc] for cell 'cpu/instruction_mem'
Parsing XDC File [C:/Users/dilafet/lab5/lab5.srcs/constrs_1/new/xdc.xdc]
Finished Parsing XDC File [C:/Users/dilafet/lab5/lab5.srcs/constrs_1/new/xdc.xdc]
INFO: [Project 1-236] Implementation specific constraints were found while reading constraint file [C:/Users/dilafet/lab5/lab5.srcs/constrs_1/new/xdc.xdc]. These constraints will be ignored for synthesis but will be used in implementation. Impacted constraints are listed in the file [.Xil/top_propImpl.xdc].
Resolution: To avoid this warning, move constraints listed in [.Xil/top_propImpl.xdc] to another XDC file and exclude this new file from synthesis with the used_in_synthesis property (File Properties dialog in GUI) and re-run elaboration/synthesis.
Completed Processing XDC Constraints

Netlist sorting complete. Time (s): cpu = 00:00:00 ; elapsed = 00:00:00.001 . Memory (MB): peak = 1283.441 ; gain = 0.000
INFO: [Project 1-111] Unisim Transformation Summary:
No Unisim elements were transformed.

Constraint Validation Runtime : Time (s): cpu = 00:00:00 ; elapsed = 00:00:00.007 . Memory (MB): peak = 1283.441 ; gain = 0.000
WARNING: [Designutils 20-4072] Reference run did not run incremental synthesis because the design is too small; reverting to default synthesis
INFO: [Designutils 20-4379] Flow is switching to default flow due to incremental criteria not met. If you would like to alter this behaviour and have the flow terminate instead, please set the following parameter config_implementation {autoIncr.Synth.RejectBehavior Terminate}
---------------------------------------------------------------------------------
Finished Constraint Validation : Time (s): cpu = 00:00:12 ; elapsed = 00:00:12 . Memory (MB): peak = 1283.441 ; gain = 32.203
---------------------------------------------------------------------------------
---------------------------------------------------------------------------------
Start Loading Part and Timing Information
---------------------------------------------------------------------------------
Loading part: xc7a100tcsg324-1
---------------------------------------------------------------------------------
Finished Loading Part and Timing Information : Time (s): cpu = 00:00:12 ; elapsed = 00:00:12 . Memory (MB): peak = 1283.441 ; gain = 32.203
---------------------------------------------------------------------------------
---------------------------------------------------------------------------------
Start Applying 'set_property' XDC Constraints
---------------------------------------------------------------------------------
Applied set_property KEEP_HIERARCHY = SOFT for cpu/data_io_memory/data_mem. (constraint file  auto generated constraint).
Applied set_property KEEP_HIERARCHY = SOFT for cpu/instruction_mem. (constraint file  auto generated constraint).
---------------------------------------------------------------------------------
Finished applying 'set_property' XDC Constraints : Time (s): cpu = 00:00:12 ; elapsed = 00:00:12 . Memory (MB): peak = 1283.441 ; gain = 32.203
---------------------------------------------------------------------------------
---------------------------------------------------------------------------------
Finished RTL Optimization Phase 2 : Time (s): cpu = 00:00:12 ; elapsed = 00:00:13 . Memory (MB): peak = 1283.441 ; gain = 32.203
---------------------------------------------------------------------------------
---------------------------------------------------------------------------------
Start RTL Component Statistics 
---------------------------------------------------------------------------------
Detailed RTL Component Info : 
+---Adders : 
	   3 Input   32 Bit       Adders := 1     
	   2 Input   32 Bit       Adders := 3     
	   2 Input    5 Bit       Adders := 1     
	   2 Input    3 Bit       Adders := 1     
	   2 Input    2 Bit       Adders := 3     
+---XORs : 
	   2 Input     32 Bit         XORs := 1     
	   2 Input      1 Bit         XORs := 3     
+---Registers : 
	               32 Bit    Registers := 48    
	                5 Bit    Registers := 6     
	                3 Bit    Registers := 2     
	                2 Bit    Registers := 8     
	                1 Bit    Registers := 11    
+---Muxes : 
	   2 Input   32 Bit        Muxes := 21    
	   6 Input   32 Bit        Muxes := 1     
	   8 Input   32 Bit        Muxes := 1     
	   4 Input   32 Bit        Muxes := 9     
	   2 Input    8 Bit        Muxes := 1     
	   2 Input    5 Bit        Muxes := 4     
	   4 Input    5 Bit        Muxes := 1     
	   8 Input    3 Bit        Muxes := 2     
	   2 Input    3 Bit        Muxes := 4     
	   3 Input    2 Bit        Muxes := 2     
	   4 Input    2 Bit        Muxes := 1     
	   2 Input    2 Bit        Muxes := 12    
	   2 Input    1 Bit        Muxes := 43    
	   4 Input    1 Bit        Muxes := 5     
---------------------------------------------------------------------------------
Finished RTL Component Statistics 
---------------------------------------------------------------------------------
---------------------------------------------------------------------------------
Start Part Resource Summary
---------------------------------------------------------------------------------
Part Resources:
DSPs: 240 (col length:80)
BRAMs: 270 (col length: RAMB18 80 RAMB36 40)
---------------------------------------------------------------------------------
Finished Part Resource Summary
---------------------------------------------------------------------------------
---------------------------------------------------------------------------------
Start Cross Boundary and Area Optimization
---------------------------------------------------------------------------------
WARNING: [Synth 8-7080] Parallel synthesis criteria is not met
---------------------------------------------------------------------------------
Finished Cross Boundary and Area Optimization : Time (s): cpu = 00:00:21 ; elapsed = 00:00:22 . Memory (MB): peak = 1283.441 ; gain = 32.203
---------------------------------------------------------------------------------
---------------------------------------------------------------------------------
Start Applying XDC Timing Constraints
---------------------------------------------------------------------------------
---------------------------------------------------------------------------------
Finished Applying XDC Timing Constraints : Time (s): cpu = 00:00:26 ; elapsed = 00:00:27 . Memory (MB): peak = 1283.441 ; gain = 32.203
---------------------------------------------------------------------------------
---------------------------------------------------------------------------------
Start Timing Optimization
---------------------------------------------------------------------------------
---------------------------------------------------------------------------------
Finished Timing Optimization : Time (s): cpu = 00:00:28 ; elapsed = 00:00:29 . Memory (MB): peak = 1283.441 ; gain = 32.203
---------------------------------------------------------------------------------
---------------------------------------------------------------------------------
Start Technology Mapping
---------------------------------------------------------------------------------
---------------------------------------------------------------------------------
Finished Technology Mapping : Time (s): cpu = 00:00:30 ; elapsed = 00:00:30 . Memory (MB): peak = 1310.016 ; gain = 58.777
---------------------------------------------------------------------------------
---------------------------------------------------------------------------------
Start IO Insertion
---------------------------------------------------------------------------------
---------------------------------------------------------------------------------
Start Flattening Before IO Insertion
---------------------------------------------------------------------------------
---------------------------------------------------------------------------------
Finished Flattening Before IO Insertion
---------------------------------------------------------------------------------
---------------------------------------------------------------------------------
Start Final Netlist Cleanup
---------------------------------------------------------------------------------
---------------------------------------------------------------------------------
Finished Final Netlist Cleanup
---------------------------------------------------------------------------------
---------------------------------------------------------------------------------
Finished IO Insertion : Time (s): cpu = 00:00:34 ; elapsed = 00:00:34 . Memory (MB): peak = 1323.785 ; gain = 72.547
---------------------------------------------------------------------------------
---------------------------------------------------------------------------------
Start Renaming Generated Instances
---------------------------------------------------------------------------------
---------------------------------------------------------------------------------
Finished Renaming Generated Instances : Time (s): cpu = 00:00:34 ; elapsed = 00:00:34 . Memory (MB): peak = 1323.785 ; gain = 72.547
---------------------------------------------------------------------------------
---------------------------------------------------------------------------------
Start Rebuilding User Hierarchy
---------------------------------------------------------------------------------
---------------------------------------------------------------------------------
Finished Rebuilding User Hierarchy : Time (s): cpu = 00:00:34 ; elapsed = 00:00:34 . Memory (MB): peak = 1323.785 ; gain = 72.547
---------------------------------------------------------------------------------
---------------------------------------------------------------------------------
Start Renaming Generated Ports
---------------------------------------------------------------------------------
---------------------------------------------------------------------------------
Finished Renaming Generated Ports : Time (s): cpu = 00:00:34 ; elapsed = 00:00:34 . Memory (MB): peak = 1323.785 ; gain = 72.547
---------------------------------------------------------------------------------
---------------------------------------------------------------------------------
Start Handling Custom Attributes
---------------------------------------------------------------------------------
---------------------------------------------------------------------------------
Finished Handling Custom Attributes : Time (s): cpu = 00:00:34 ; elapsed = 00:00:34 . Memory (MB): peak = 1323.785 ; gain = 72.547
---------------------------------------------------------------------------------
---------------------------------------------------------------------------------
Start Renaming Generated Nets
---------------------------------------------------------------------------------
---------------------------------------------------------------------------------
Finished Renaming Generated Nets : Time (s): cpu = 00:00:34 ; elapsed = 00:00:34 . Memory (MB): peak = 1323.785 ; gain = 72.547
---------------------------------------------------------------------------------
---------------------------------------------------------------------------------
Start Writing Synthesis Report
---------------------------------------------------------------------------------

Report BlackBoxes: 
+------+----------------+----------+
|      |BlackBox name   |Instances |
+------+----------------+----------+
|1     |instruction_mem |         1|
|2     |data_mem        |         1|
+------+----------------+----------+

Report Cell Usage: 
+------+----------------+------+
|      |Cell            |Count |
+------+----------------+------+
|1     |data_mem        |     1|
|2     |instruction_mem |     1|
|3     |BUFG            |     2|
|4     |CARRY4          |    47|
|5     |LUT1            |     4|
|6     |LUT2            |   294|
|7     |LUT3            |   135|
|8     |LUT4            |   131|
|9     |LUT5            |   356|
|10    |LUT6            |  1375|
|11    |MUXF7           |   450|
|12    |MUXF8           |   144|
|13    |FDCE            |  1569|
|14    |FDPE            |    21|
|15    |FDRE            |    12|
|16    |IBUF            |    10|
|17    |OBUF            |    15|
+------+----------------+------+
---------------------------------------------------------------------------------
Finished Writing Synthesis Report : Time (s): cpu = 00:00:34 ; elapsed = 00:00:34 . Memory (MB): peak = 1323.785 ; gain = 72.547
---------------------------------------------------------------------------------
Synthesis finished with 0 errors, 0 critical warnings and 1 warnings.
Synthesis Optimization Runtime : Time (s): cpu = 00:00:26 ; elapsed = 00:00:32 . Memory (MB): peak = 1323.785 ; gain = 40.344
Synthesis Optimization Complete : Time (s): cpu = 00:00:34 ; elapsed = 00:00:34 . Memory (MB): peak = 1323.785 ; gain = 72.547
INFO: [Project 1-571] Translating synthesized netlist
Netlist sorting complete. Time (s): cpu = 00:00:00 ; elapsed = 00:00:00.039 . Memory (MB): peak = 1335.844 ; gain = 0.000
INFO: [Netlist 29-17] Analyzing 641 Unisim elements for replacement
INFO: [Netlist 29-28] Unisim Transformation completed in 0 CPU seconds
INFO: [Project 1-570] Preparing netlist for logic optimization
INFO: [Opt 31-138] Pushed 0 inverter(s) to 0 load pin(s).
Netlist sorting complete. Time (s): cpu = 00:00:00 ; elapsed = 00:00:00 . Memory (MB): peak = 1339.527 ; gain = 0.000
INFO: [Project 1-111] Unisim Transformation Summary:
No Unisim elements were transformed.

Synth Design complete, checksum: f2c440d1
INFO: [Common 17-83] Releasing license: Synthesis
47 Infos, 4 Warnings, 0 Critical Warnings and 0 Errors encountered.
synth_design completed successfully
synth_design: Time (s): cpu = 00:00:37 ; elapsed = 00:00:39 . Memory (MB): peak = 1339.527 ; gain = 88.289
INFO: [Common 17-1381] The checkpoint 'C:/Users/dilafet/lab5/lab5.runs/synth_1/top.dcp' has been generated.
INFO: [runtcl-4] Executing : report_utilization -file top_utilization_synth.rpt -pb top_utilization_synth.pb
INFO: [Common 17-206] Exiting Vivado at Tue May 10 19:36:54 2022...
